Using pre-set license
Built from '2020.3/staging' branch; Version is '2020.3.10f1 (297d780c91bc) revision 2719096'; Using compiler version '192528614'; Build Type 'Release'
OS: 'Windows 10 Home; OS build 19043.1237; Version 2009; 64bit' Language: 'en' Physical Memory: 32682 MB
BatchMode: 1, IsHumanControllingUs: 0, StartBugReporterOnCrash: 0, Is64bit: 1, IsPro: 0

 COMMAND LINE ARGUMENTS:
C:\Program Files\Unity\Hub\Editor\2019.4.22f1\Editor\Unity.exe
-adb2
-batchMode
-noUpm
-name
AssetImportWorker0
-projectPath
C:/Users/tlorg/Documents/GitHub/Project_Duo_Mage/Duo Mage Prototype
-logFile
Logs/AssetImportWorker0.log
-srvPort
63063
Successfully changed project path to: C:/Users/tlorg/Documents/GitHub/Project_Duo_Mage/Duo Mage Prototype
C:/Users/tlorg/Documents/GitHub/Project_Duo_Mage/Duo Mage Prototype
Using Asset Import Pipeline V2.
Refreshing native plugins compatible for Editor in 25.21 ms, found 2 plugins.
Preloading 0 native plugins for Editor in 0.00 ms.
Initialize engine version: 2020.3.10f1 (297d780c91bc)
[Subsystems] Discovering subsystems at path C:/Program Files/Unity/Hub/Editor/2019.4.22f1/Editor/Data/Resources/UnitySubsystems
[Subsystems] Discovering subsystems at path C:/Users/tlorg/Documents/GitHub/Project_Duo_Mage/Duo Mage Prototype/Assets
GfxDevice: creating device client; threaded=0
Direct3D:
    Version:  Direct3D 11.0 [level 11.1]
    Renderer: NVIDIA GeForce RTX 2070 SUPER (ID=0x1e84)
    Vendor:   
    VRAM:     8011 MB
    Driver:   27.21.14.6663
Initialize mono
Mono path[0] = 'C:/Program Files/Unity/Hub/Editor/2019.4.22f1/Editor/Data/Managed'
Mono path[1] = 'C:/Program Files/Unity/Hub/Editor/2019.4.22f1/Editor/Data/MonoBleedingEdge/lib/mono/unityjit'
Mono config path = 'C:/Program Files/Unity/Hub/Editor/2019.4.22f1/Editor/Data/MonoBleedingEdge/etc'
Using monoOptions --debugger-agent=transport=dt_socket,embedding=1,server=y,suspend=n,address=127.0.0.1:56488
Begin MonoManager ReloadAssembly
Registering precompiled unity dll's ...
Register platform support module: C:/Program Files/Unity/Hub/Editor/2019.4.22f1/Editor/Data/PlaybackEngines/WindowsStandaloneSupport/UnityEditor.WindowsStandalone.Extensions.dll
Registered in 0.001629 seconds.
Native extension for WindowsStandalone target not found
Refreshing native plugins compatible for Editor in 23.72 ms, found 2 plugins.
Preloading 0 native plugins for Editor in 0.00 ms.
Mono: successfully reloaded assembly
- Completed reload, in  0.785 seconds
Platform modules already initialized, skipping
Registering precompiled user dll's ...
Registered in 0.003002 seconds.
Begin MonoManager ReloadAssembly
Native extension for WindowsStandalone target not found
Refreshing native plugins compatible for Editor in 0.34 ms, found 2 plugins.
Preloading 0 native plugins for Editor in 0.00 ms.
Mono: successfully reloaded assembly
- Completed reload, in  0.756 seconds
Platform modules already initialized, skipping
========================================================================
Worker process is ready to serve import requests
Launched and connected shader compiler UnityShaderCompiler.exe after 0.04 seconds
Refreshing native plugins compatible for Editor in 0.45 ms, found 2 plugins.
Preloading 0 native plugins for Editor in 0.00 ms.
Unloading 1387 Unused Serialized files (Serialized files now loaded: 0)
System memory in use before: 64.6 MB.
System memory in use after: 64.7 MB.

Unloading 18 unused Assets to reduce memory usage. Loaded Objects now: 1821.
Total: 2.586700 ms (FindLiveObjects: 0.213300 ms CreateObjectMapping: 0.054400 ms MarkObjects: 2.229800 ms  DeleteObjects: 0.087500 ms)

========================================================================
Received Import Request.
  path: Assets/Objects
  artifactKey: Guid(99349095e2d44f34382510a4dfdcf9ba) Importer(815301076,1909f56bfc062723c751e8b465ee728b)
Start importing Assets/Objects using Guid(99349095e2d44f34382510a4dfdcf9ba) Importer(815301076,1909f56bfc062723c751e8b465ee728b)  -> (artifact id: '9b698a0618fa0b26ce288c4c99a51016') in 0.011440 seconds
  Import took 0.014599 seconds .

========================================================================
Received Import Request.
  Time since last request: 41.669363 seconds.
  path: Assets/Objects/house.obj
  artifactKey: Guid(1d21da13ca9f5be44b49a4561044390b) Importer(815301076,1909f56bfc062723c751e8b465ee728b)
Start importing Assets/Objects/house.obj using Guid(1d21da13ca9f5be44b49a4561044390b) Importer(815301076,1909f56bfc062723c751e8b465ee728b)  -> (artifact id: '4f0ad65d7bf04bb8f221984e640f5355') in 0.106256 seconds
  Import took 0.108752 seconds .

========================================================================
Received Import Request.
  Time since last request: 33.701435 seconds.
  path: Assets/Objects/house.mtl
  artifactKey: Guid(2f59492c9d3a7514f88825728e592948) Importer(815301076,1909f56bfc062723c751e8b465ee728b)
Start importing Assets/Objects/house.mtl using Guid(2f59492c9d3a7514f88825728e592948) Importer(815301076,1909f56bfc062723c751e8b465ee728b)  -> (artifact id: '5ff5018486f8d713677c2961dffee6fe') in 0.006177 seconds
  Import took 0.008706 seconds .

========================================================================
Received Import Request.
  Time since last request: 595.450270 seconds.
  path: Assets/Objects/house.dae
  artifactKey: Guid(c29be2cf0de5b1548968273746550a80) Importer(815301076,1909f56bfc062723c751e8b465ee728b)
Start importing Assets/Objects/house.dae using Guid(c29be2cf0de5b1548968273746550a80) Importer(815301076,1909f56bfc062723c751e8b465ee728b)  -> (artifact id: '0d6b9f5fd6c27e777b682dfd781c3838') in 0.025662 seconds
  Import took 0.028646 seconds .

========================================================================
Received Import Request.
  Time since last request: 49.861999 seconds.
  path: Assets/Objects/house.blend
  artifactKey: Guid(5c9e5f224d84cb141969cc2899e77377) Importer(815301076,1909f56bfc062723c751e8b465ee728b)
Start importing Assets/Objects/house.blend using Guid(5c9e5f224d84cb141969cc2899e77377) Importer(815301076,1909f56bfc062723c751e8b465ee728b)  -> (artifact id: '8e761bd05c58c382f008f74d1f1e740a') in 0.019172 seconds
  Import took 0.022318 seconds .

========================================================================
Received Import Request.
  Time since last request: 0.001581 seconds.
  path: Assets/Objects/house.blend
  artifactKey: Guid(5c9e5f224d84cb141969cc2899e77377) Importer(815301076,1909f56bfc062723c751e8b465ee728b)
Start importing Assets/Objects/house.blend using Guid(5c9e5f224d84cb141969cc2899e77377) Importer(815301076,1909f56bfc062723c751e8b465ee728b)  -> (artifact id: '8e761bd05c58c382f008f74d1f1e740a') in 0.022038 seconds
  Import took 0.024580 seconds .

========================================================================
Received Import Request.
  Time since last request: 173.993640 seconds.
  path: Assets/Objects/house.fbx
  artifactKey: Guid(113e6ba60f3a18944b56c6eb49e33d2a) Importer(815301076,1909f56bfc062723c751e8b465ee728b)
Start importing Assets/Objects/house.fbx using Guid(113e6ba60f3a18944b56c6eb49e33d2a) Importer(815301076,1909f56bfc062723c751e8b465ee728b)  -> (artifact id: '4465938a2540dc8fd76ad2deab6616dd') in 0.019260 seconds
  Import took 0.021929 seconds .

========================================================================
Received Prepare
Registering precompiled user dll's ...
Registered in 0.003309 seconds.
Begin MonoManager ReloadAssembly
Native extension for WindowsStandalone target not found
Refreshing native plugins compatible for Editor in 0.57 ms, found 2 plugins.
Preloading 0 native plugins for Editor in 0.00 ms.
Mono: successfully reloaded assembly
- Completed reload, in  0.749 seconds
Platform modules already initialized, skipping
Refreshing native plugins compatible for Editor in 0.33 ms, found 2 plugins.
Preloading 0 native plugins for Editor in 0.00 ms.
Unloading 1382 Unused Serialized files (Serialized files now loaded: 0)
System memory in use before: 68.0 MB.
System memory in use after: 68.1 MB.

Unloading 13 unused Assets to reduce memory usage. Loaded Objects now: 1867.
Total: 1.694600 ms (FindLiveObjects: 0.172300 ms CreateObjectMapping: 0.035400 ms MarkObjects: 1.473000 ms  DeleteObjects: 0.013200 ms)

========================================================================
Received Import Request.
  Time since last request: 502.012968 seconds.
  path: Assets/Objects/house.blend
  artifactKey: Guid(5c9e5f224d84cb141969cc2899e77377) Importer(815301076,1909f56bfc062723c751e8b465ee728b)
Start importing Assets/Objects/house.blend using Guid(5c9e5f224d84cb141969cc2899e77377) Importer(815301076,1909f56bfc062723c751e8b465ee728b)  -> (artifact id: '8b1846d4299cc4a18bc1e99f0917b862') in 0.070729 seconds
  Import took 0.073388 seconds .

========================================================================
Received Import Request.
  Time since last request: 405.725962 seconds.
  path: Assets/Objects/house.mtl
  artifactKey: Guid(2f59492c9d3a7514f88825728e592948) Importer(815301076,1909f56bfc062723c751e8b465ee728b)
Start importing Assets/Objects/house.mtl using Guid(2f59492c9d3a7514f88825728e592948) Importer(815301076,1909f56bfc062723c751e8b465ee728b)  -> (artifact id: '4c11913a4cf39820995377fe0cdb676f') in 0.004144 seconds
  Import took 0.006801 seconds .

========================================================================
Received Import Request.
  Time since last request: 51.111665 seconds.
  path: Assets/Objects/house.obj
  artifactKey: Guid(1d21da13ca9f5be44b49a4561044390b) Importer(815301076,1909f56bfc062723c751e8b465ee728b)
Start importing Assets/Objects/house.obj using Guid(1d21da13ca9f5be44b49a4561044390b) Importer(815301076,1909f56bfc062723c751e8b465ee728b)  -> (artifact id: '37e85cc283da1a0d6fb6659709911354') in 0.004821 seconds
  Import took 0.007847 seconds .

========================================================================
Received Import Request.
  Time since last request: 109.679592 seconds.
  path: Assets/Objects/brick_wall.blend
  artifactKey: Guid(bdec603411fff5d459a832f5942e7703) Importer(815301076,1909f56bfc062723c751e8b465ee728b)
Start importing Assets/Objects/brick_wall.blend using Guid(bdec603411fff5d459a832f5942e7703) Importer(815301076,1909f56bfc062723c751e8b465ee728b)  -> (artifact id: 'bf3895e29cd10251ae0746568987ce4d') in 0.046603 seconds
  Import took 0.050609 seconds .

========================================================================
Received Import Request.
  Time since last request: 125.943463 seconds.
  path: Assets/Objects/house.fbx
  artifactKey: Guid(113e6ba60f3a18944b56c6eb49e33d2a) Importer(815301076,1909f56bfc062723c751e8b465ee728b)
Start importing Assets/Objects/house.fbx using Guid(113e6ba60f3a18944b56c6eb49e33d2a) Importer(815301076,1909f56bfc062723c751e8b465ee728b)  -> (artifact id: 'edca64b0d73f934be8640b5cdc906852') in 0.016473 seconds
  Import took 0.019098 seconds .

========================================================================
Received Import Request.
  Time since last request: 32.793043 seconds.
  path: Assets/Objects/house.fbx
  artifactKey: Guid(113e6ba60f3a18944b56c6eb49e33d2a) Importer(815301076,1909f56bfc062723c751e8b465ee728b)
Start importing Assets/Objects/house.fbx using Guid(113e6ba60f3a18944b56c6eb49e33d2a) Importer(815301076,1909f56bfc062723c751e8b465ee728b)  -> (artifact id: '127c9abbaffaec3495f44057f1f808dc') in 0.014771 seconds
  Import took 0.017660 seconds .

========================================================================
Received Import Request.
  Time since last request: 0.000352 seconds.
  path: Assets/Objects/house.fbx
  artifactKey: Guid(113e6ba60f3a18944b56c6eb49e33d2a) Importer(815301076,1909f56bfc062723c751e8b465ee728b)
Start importing Assets/Objects/house.fbx using Guid(113e6ba60f3a18944b56c6eb49e33d2a) Importer(815301076,1909f56bfc062723c751e8b465ee728b)  -> (artifact id: '127c9abbaffaec3495f44057f1f808dc') in 0.014980 seconds
  Import took 0.017384 seconds .

========================================================================
Received Import Request.
  Time since last request: 159.542433 seconds.
  path: Assets/Objects/house.blend
  artifactKey: Guid(6929a46d5c3540941aeea91de893f844) Importer(815301076,1909f56bfc062723c751e8b465ee728b)
Start importing Assets/Objects/house.blend using Guid(6929a46d5c3540941aeea91de893f844) Importer(815301076,1909f56bfc062723c751e8b465ee728b)  -> (artifact id: 'ca78170bbde9ca64601a54d0bc19ab45') in 0.017705 seconds
  Import took 0.020696 seconds .

========================================================================
Received Import Request.
  Time since last request: 8.561282 seconds.
  path: Assets/Objects/house.blend
  artifactKey: Guid(6929a46d5c3540941aeea91de893f844) Importer(815301076,1909f56bfc062723c751e8b465ee728b)
Start importing Assets/Objects/house.blend using Guid(6929a46d5c3540941aeea91de893f844) Importer(815301076,1909f56bfc062723c751e8b465ee728b)  -> (artifact id: '00ed7e5c380e1273bc7fa740c3f1f685') in 0.011673 seconds
  Import took 0.014459 seconds .

========================================================================
Received Import Request.
  Time since last request: 178.634184 seconds.
  path: Assets/Objects/Project_Duo_Mage_Tiles.png
  artifactKey: Guid(4e3124437f964694b85f2ccf0bdcc163) Importer(815301076,1909f56bfc062723c751e8b465ee728b)
Start importing Assets/Objects/Project_Duo_Mage_Tiles.png using Guid(4e3124437f964694b85f2ccf0bdcc163) Importer(815301076,1909f56bfc062723c751e8b465ee728b)  -> (artifact id: 'c9910a28a09b281f869ca4fe572318a4') in 0.021690 seconds
  Import took 0.024569 seconds .

========================================================================
Received Import Request.
  Time since last request: 0.014498 seconds.
  path: Assets/Objects/Project_Duo_Mage_Tiles.png
  artifactKey: Guid(4e3124437f964694b85f2ccf0bdcc163) Importer(815301076,1909f56bfc062723c751e8b465ee728b)
Start importing Assets/Objects/Project_Duo_Mage_Tiles.png using Guid(4e3124437f964694b85f2ccf0bdcc163) Importer(815301076,1909f56bfc062723c751e8b465ee728b)  -> (artifact id: 'c9910a28a09b281f869ca4fe572318a4') in 0.006549 seconds
  Import took 0.008913 seconds .

========================================================================
Received Import Request.
  Time since last request: 26.904427 seconds.
  path: Assets/Objects/Project_Duo_Mage_Tiles.png
  artifactKey: Guid(4e3124437f964694b85f2ccf0bdcc163) Importer(815301076,1909f56bfc062723c751e8b465ee728b)
Start importing Assets/Objects/Project_Duo_Mage_Tiles.png using Guid(4e3124437f964694b85f2ccf0bdcc163) Importer(815301076,1909f56bfc062723c751e8b465ee728b)  -> (artifact id: '0524982241bbef08c36e6281ed25fd98') in 0.010375 seconds
  Import took 0.013277 seconds .

========================================================================
Received Import Request.
  Time since last request: 80.751031 seconds.
  path: Assets/Objects/Materials
  artifactKey: Guid(55cf5772c9738f74eb15b05ab3684720) Importer(815301076,1909f56bfc062723c751e8b465ee728b)
Start importing Assets/Objects/Materials using Guid(55cf5772c9738f74eb15b05ab3684720) Importer(815301076,1909f56bfc062723c751e8b465ee728b)  -> (artifact id: '38b0822f8bcaba6952037401b90b7598') in 0.009386 seconds
  Import took 0.012069 seconds .

========================================================================
Received Import Request.
  Time since last request: 2.561066 seconds.
  path: Assets/Objects/Project_Duo_Mage_Tiles.png
  artifactKey: Guid(4e3124437f964694b85f2ccf0bdcc163) Importer(815301076,1909f56bfc062723c751e8b465ee728b)
Start importing Assets/Objects/Project_Duo_Mage_Tiles.png using Guid(4e3124437f964694b85f2ccf0bdcc163) Importer(815301076,1909f56bfc062723c751e8b465ee728b)  -> (artifact id: '469beeab0dd31cdf63e410db70214a0f') in 0.007848 seconds
  Import took 0.010597 seconds .

========================================================================
Received Import Request.
  Time since last request: 0.000648 seconds.
  path: Assets/Objects/Project_Duo_Mage_Tiles.png
  artifactKey: Guid(4e3124437f964694b85f2ccf0bdcc163) Importer(815301076,1909f56bfc062723c751e8b465ee728b)
Start importing Assets/Objects/Project_Duo_Mage_Tiles.png using Guid(4e3124437f964694b85f2ccf0bdcc163) Importer(815301076,1909f56bfc062723c751e8b465ee728b)  -> (artifact id: '469beeab0dd31cdf63e410db70214a0f') in 0.008031 seconds
  Import took 0.010891 seconds .

========================================================================
Received Import Request.
  Time since last request: 225.512627 seconds.
  path: Assets/Objects/house.blend
  artifactKey: Guid(6929a46d5c3540941aeea91de893f844) Importer(815301076,1909f56bfc062723c751e8b465ee728b)
Start importing Assets/Objects/house.blend using Guid(6929a46d5c3540941aeea91de893f844) Importer(815301076,1909f56bfc062723c751e8b465ee728b)  -> (artifact id: '94d61235393dafffd34414fd10d13c19') in 0.017517 seconds
  Import took 0.020398 seconds .

========================================================================
Received Import Request.
  Time since last request: 15.839169 seconds.
  path: Assets/Objects/house.blend
  artifactKey: Guid(6929a46d5c3540941aeea91de893f844) Importer(815301076,1909f56bfc062723c751e8b465ee728b)
Start importing Assets/Objects/house.blend using Guid(6929a46d5c3540941aeea91de893f844) Importer(815301076,1909f56bfc062723c751e8b465ee728b)  -> (artifact id: '7c64be30e84ef3539f95da0aa649b234') in 0.012238 seconds
  Import took 0.014862 seconds .

========================================================================
Received Import Request.
  Time since last request: 0.000325 seconds.
  path: Assets/Objects/house.blend
  artifactKey: Guid(6929a46d5c3540941aeea91de893f844) Importer(815301076,1909f56bfc062723c751e8b465ee728b)
Start importing Assets/Objects/house.blend using Guid(6929a46d5c3540941aeea91de893f844) Importer(815301076,1909f56bfc062723c751e8b465ee728b)  -> (artifact id: '7c64be30e84ef3539f95da0aa649b234') in 0.013993 seconds
  Import took 0.016705 seconds .

========================================================================
Received Import Request.
  Time since last request: 119.419070 seconds.
  path: Assets/Objects/house.obj
  artifactKey: Guid(1d21da13ca9f5be44b49a4561044390b) Importer(815301076,1909f56bfc062723c751e8b465ee728b)
Start importing Assets/Objects/house.obj using Guid(1d21da13ca9f5be44b49a4561044390b) Importer(815301076,1909f56bfc062723c751e8b465ee728b)  -> (artifact id: '1da99ea21a5fb8a84b5565f8d3890278') in 0.021798 seconds
  Import took 0.024759 seconds .

========================================================================
Received Import Request.
  Time since last request: 207.943831 seconds.
  path: Assets/Objects/house.blend
  artifactKey: Guid(6929a46d5c3540941aeea91de893f844) Importer(815301076,1909f56bfc062723c751e8b465ee728b)
Start importing Assets/Objects/house.blend using Guid(6929a46d5c3540941aeea91de893f844) Importer(815301076,1909f56bfc062723c751e8b465ee728b)  -> (artifact id: 'a7d151af1c297a3addaf29b8d60944ea') in 0.022688 seconds
  Import took 0.025544 seconds .

========================================================================
Received Import Request.
  Time since last request: 5.007426 seconds.
  path: Assets/Objects/house.blend
  artifactKey: Guid(6929a46d5c3540941aeea91de893f844) Importer(815301076,1909f56bfc062723c751e8b465ee728b)
Start importing Assets/Objects/house.blend using Guid(6929a46d5c3540941aeea91de893f844) Importer(815301076,1909f56bfc062723c751e8b465ee728b)  -> (artifact id: '378dea8195d7b7c3445f334a4e7a082e') in 0.014547 seconds
  Import took 0.016894 seconds .

========================================================================
Received Prepare
Registering precompiled user dll's ...
Registered in 0.003302 seconds.
Begin MonoManager ReloadAssembly
Native extension for WindowsStandalone target not found
Refreshing native plugins compatible for Editor in 0.38 ms, found 2 plugins.
Preloading 0 native plugins for Editor in 0.00 ms.
Mono: successfully reloaded assembly
- Completed reload, in  0.757 seconds
Platform modules already initialized, skipping
Refreshing native plugins compatible for Editor in 0.35 ms, found 2 plugins.
Preloading 0 native plugins for Editor in 0.00 ms.
Unloading 1382 Unused Serialized files (Serialized files now loaded: 0)
System memory in use before: 68.1 MB.
System memory in use after: 68.2 MB.

Unloading 13 unused Assets to reduce memory usage. Loaded Objects now: 1872.
Total: 1.687600 ms (FindLiveObjects: 0.145400 ms CreateObjectMapping: 0.030200 ms MarkObjects: 1.488400 ms  DeleteObjects: 0.022400 ms)

========================================================================
Received Prepare
Registering precompiled user dll's ...
Registered in 0.003367 seconds.
Begin MonoManager ReloadAssembly
Native extension for WindowsStandalone target not found
Refreshing native plugins compatible for Editor in 0.36 ms, found 2 plugins.
Preloading 0 native plugins for Editor in 0.00 ms.
Mono: successfully reloaded assembly
- Completed reload, in  0.775 seconds
Platform modules already initialized, skipping
Refreshing native plugins compatible for Editor in 0.34 ms, found 2 plugins.
Preloading 0 native plugins for Editor in 0.00 ms.
Unloading 1382 Unused Serialized files (Serialized files now loaded: 0)
System memory in use before: 68.1 MB.
System memory in use after: 68.2 MB.

Unloading 13 unused Assets to reduce memory usage. Loaded Objects now: 1875.
Total: 1.787700 ms (FindLiveObjects: 0.181500 ms CreateObjectMapping: 0.035100 ms MarkObjects: 1.551800 ms  DeleteObjects: 0.018300 ms)

========================================================================
Received Import Request.
  Time since last request: 1204.761596 seconds.
  path: Assets/Objects/house_split.blend
  artifactKey: Guid(fa82780f2d44b4d41a5d9b1e9bc02c67) Importer(815301076,1909f56bfc062723c751e8b465ee728b)
Start importing Assets/Objects/house_split.blend using Guid(fa82780f2d44b4d41a5d9b1e9bc02c67) Importer(815301076,1909f56bfc062723c751e8b465ee728b)  -> (artifact id: 'f9789ff62b38ad7ae32b9c2b06fb160a') in 0.084879 seconds
  Import took 0.087847 seconds .

========================================================================
Received Import Request.
  Time since last request: 337.382691 seconds.
  path: Assets/Scripts/Player_Controller.cs
  artifactKey: Guid(e62dc69a762dac94097b273101228562) Importer(815301076,1909f56bfc062723c751e8b465ee728b)
Start importing Assets/Scripts/Player_Controller.cs using Guid(e62dc69a762dac94097b273101228562) Importer(815301076,1909f56bfc062723c751e8b465ee728b)  -> (artifact id: '63ed6254fb6253298ef766f61c675f12') in 0.011907 seconds
  Import took 0.014651 seconds .

========================================================================
Received Import Request.
  Time since last request: 0.002170 seconds.
  path: Assets/Scripts/Player_Controller.cs
  artifactKey: Guid(e62dc69a762dac94097b273101228562) Importer(815301076,1909f56bfc062723c751e8b465ee728b)
Start importing Assets/Scripts/Player_Controller.cs using Guid(e62dc69a762dac94097b273101228562) Importer(815301076,1909f56bfc062723c751e8b465ee728b)  -> (artifact id: '63ed6254fb6253298ef766f61c675f12') in 0.003062 seconds
  Import took 0.005446 seconds .

========================================================================
Received Prepare
Registering precompiled user dll's ...
Registered in 0.003034 seconds.
Begin MonoManager ReloadAssembly
Native extension for WindowsStandalone target not found
Refreshing native plugins compatible for Editor in 0.36 ms, found 2 plugins.
Preloading 0 native plugins for Editor in 0.00 ms.
Mono: successfully reloaded assembly
- Completed reload, in  0.714 seconds
Platform modules already initialized, skipping
Refreshing native plugins compatible for Editor in 0.27 ms, found 2 plugins.
Preloading 0 native plugins for Editor in 0.00 ms.
Unloading 1382 Unused Serialized files (Serialized files now loaded: 0)
System memory in use before: 68.1 MB.
System memory in use after: 68.2 MB.

Unloading 13 unused Assets to reduce memory usage. Loaded Objects now: 1879.
Total: 1.695900 ms (FindLiveObjects: 0.161700 ms CreateObjectMapping: 0.035400 ms MarkObjects: 1.485400 ms  DeleteObjects: 0.012400 ms)

========================================================================
Received Import Request.
  Time since last request: 384.447001 seconds.
  path: Assets/Scripts/Player_Controller.cs
  artifactKey: Guid(e62dc69a762dac94097b273101228562) Importer(815301076,1909f56bfc062723c751e8b465ee728b)
Start importing Assets/Scripts/Player_Controller.cs using Guid(e62dc69a762dac94097b273101228562) Importer(815301076,1909f56bfc062723c751e8b465ee728b)  -> (artifact id: '1387250772391b36bd11e6980039d3f0') in 0.004580 seconds
  Import took 0.006949 seconds .

========================================================================
Received Prepare
Registering precompiled user dll's ...
Registered in 0.003073 seconds.
Begin MonoManager ReloadAssembly
Native extension for WindowsStandalone target not found
Refreshing native plugins compatible for Editor in 0.35 ms, found 2 plugins.
Preloading 0 native plugins for Editor in 0.00 ms.
Mono: successfully reloaded assembly
- Completed reload, in  0.709 seconds
Platform modules already initialized, skipping
Refreshing native plugins compatible for Editor in 0.28 ms, found 2 plugins.
Preloading 0 native plugins for Editor in 0.00 ms.
Unloading 1382 Unused Serialized files (Serialized files now loaded: 0)
System memory in use before: 68.1 MB.
System memory in use after: 68.2 MB.

Unloading 13 unused Assets to reduce memory usage. Loaded Objects now: 1882.
Total: 1.689000 ms (FindLiveObjects: 0.171400 ms CreateObjectMapping: 0.035000 ms MarkObjects: 1.469600 ms  DeleteObjects: 0.012400 ms)

========================================================================
Received Import Request.
  Time since last request: 61.500274 seconds.
  path: Assets/Scripts/Player_Controller.cs
  artifactKey: Guid(e62dc69a762dac94097b273101228562) Importer(815301076,1909f56bfc062723c751e8b465ee728b)
Start importing Assets/Scripts/Player_Controller.cs using Guid(e62dc69a762dac94097b273101228562) Importer(815301076,1909f56bfc062723c751e8b465ee728b)  -> (artifact id: '46a789176360b382caf0bc52c57130c9') in 0.005887 seconds
  Import took 0.007976 seconds .

========================================================================
Received Prepare
Registering precompiled user dll's ...
Registered in 0.004814 seconds.
Begin MonoManager ReloadAssembly
Native extension for WindowsStandalone target not found
Refreshing native plugins compatible for Editor in 0.35 ms, found 2 plugins.
Preloading 0 native plugins for Editor in 0.00 ms.
Mono: successfully reloaded assembly
- Completed reload, in  0.727 seconds
Platform modules already initialized, skipping
Refreshing native plugins compatible for Editor in 0.32 ms, found 2 plugins.
Preloading 0 native plugins for Editor in 0.00 ms.
Unloading 1382 Unused Serialized files (Serialized files now loaded: 0)
System memory in use before: 68.1 MB.
System memory in use after: 68.2 MB.

Unloading 13 unused Assets to reduce memory usage. Loaded Objects now: 1885.
Total: 1.663600 ms (FindLiveObjects: 0.182800 ms CreateObjectMapping: 0.030200 ms MarkObjects: 1.436800 ms  DeleteObjects: 0.013200 ms)

========================================================================
Received Import Request.
  Time since last request: 246.660309 seconds.
  path: Assets/Scripts/Player_Controller.cs
  artifactKey: Guid(e62dc69a762dac94097b273101228562) Importer(815301076,1909f56bfc062723c751e8b465ee728b)
Start importing Assets/Scripts/Player_Controller.cs using Guid(e62dc69a762dac94097b273101228562) Importer(815301076,1909f56bfc062723c751e8b465ee728b)  -> (artifact id: 'cf539623b0b1614f6ac77651828b9122') in 0.006271 seconds
  Import took 0.008322 seconds .

========================================================================
Received Prepare
Registering precompiled user dll's ...
Registered in 0.003075 seconds.
Begin MonoManager ReloadAssembly
Native extension for WindowsStandalone target not found
Refreshing native plugins compatible for Editor in 0.37 ms, found 2 plugins.
Preloading 0 native plugins for Editor in 0.00 ms.
Mono: successfully reloaded assembly
- Completed reload, in  0.725 seconds
Platform modules already initialized, skipping
Refreshing native plugins compatible for Editor in 0.30 ms, found 2 plugins.
Preloading 0 native plugins for Editor in 0.00 ms.
Unloading 1382 Unused Serialized files (Serialized files now loaded: 0)
System memory in use before: 68.1 MB.
System memory in use after: 68.2 MB.

Unloading 13 unused Assets to reduce memory usage. Loaded Objects now: 1888.
Total: 1.651900 ms (FindLiveObjects: 0.174500 ms CreateObjectMapping: 0.029600 ms MarkObjects: 1.435400 ms  DeleteObjects: 0.011600 ms)

========================================================================
Received Prepare
Registering precompiled user dll's ...
Registered in 0.002934 seconds.
Begin MonoManager ReloadAssembly
Native extension for WindowsStandalone target not found
Refreshing native plugins compatible for Editor in 0.36 ms, found 2 plugins.
Preloading 0 native plugins for Editor in 0.00 ms.
Mono: successfully reloaded assembly
- Completed reload, in  0.726 seconds
Platform modules already initialized, skipping
Refreshing native plugins compatible for Editor in 0.32 ms, found 2 plugins.
Preloading 0 native plugins for Editor in 0.00 ms.
Unloading 1382 Unused Serialized files (Serialized files now loaded: 0)
System memory in use before: 68.1 MB.
System memory in use after: 68.2 MB.

Unloading 13 unused Assets to reduce memory usage. Loaded Objects now: 1891.
Total: 1.680400 ms (FindLiveObjects: 0.180400 ms CreateObjectMapping: 0.035300 ms MarkObjects: 1.451300 ms  DeleteObjects: 0.012400 ms)

========================================================================
Received Import Request.
  Time since last request: 237.993067 seconds.
  path: Assets/Scripts/Player_Controller.cs
  artifactKey: Guid(e62dc69a762dac94097b273101228562) Importer(815301076,1909f56bfc062723c751e8b465ee728b)
Start importing Assets/Scripts/Player_Controller.cs using Guid(e62dc69a762dac94097b273101228562) Importer(815301076,1909f56bfc062723c751e8b465ee728b)  -> (artifact id: 'eba58b10000eedb39ac3ba01e0b96893') in 0.004870 seconds
  Import took 0.007264 seconds .

========================================================================
Received Prepare
Registering precompiled user dll's ...
Registered in 0.003020 seconds.
Begin MonoManager ReloadAssembly
Native extension for WindowsStandalone target not found
Refreshing native plugins compatible for Editor in 0.35 ms, found 2 plugins.
Preloading 0 native plugins for Editor in 0.00 ms.
Mono: successfully reloaded assembly
- Completed reload, in  0.717 seconds
Platform modules already initialized, skipping
Refreshing native plugins compatible for Editor in 0.33 ms, found 2 plugins.
Preloading 0 native plugins for Editor in 0.00 ms.
Unloading 1382 Unused Serialized files (Serialized files now loaded: 0)
System memory in use before: 68.2 MB.
System memory in use after: 68.3 MB.

Unloading 13 unused Assets to reduce memory usage. Loaded Objects now: 1894.
Total: 1.652500 ms (FindLiveObjects: 0.170200 ms CreateObjectMapping: 0.030200 ms MarkObjects: 1.438900 ms  DeleteObjects: 0.012600 ms)

========================================================================
Received Import Request.
  Time since last request: 48.721525 seconds.
  path: Assets/Scripts/Player_Controller.cs
  artifactKey: Guid(e62dc69a762dac94097b273101228562) Importer(815301076,1909f56bfc062723c751e8b465ee728b)
Start importing Assets/Scripts/Player_Controller.cs using Guid(e62dc69a762dac94097b273101228562) Importer(815301076,1909f56bfc062723c751e8b465ee728b)  -> (artifact id: 'fada0dd33a88947a349069332ab93ae6') in 0.004655 seconds
  Import took 0.006675 seconds .

========================================================================
Received Prepare
Registering precompiled user dll's ...
Registered in 0.002934 seconds.
Begin MonoManager ReloadAssembly
Native extension for WindowsStandalone target not found
Refreshing native plugins compatible for Editor in 0.35 ms, found 2 plugins.
Preloading 0 native plugins for Editor in 0.00 ms.
Mono: successfully reloaded assembly
- Completed reload, in  0.717 seconds
Platform modules already initialized, skipping
Refreshing native plugins compatible for Editor in 0.27 ms, found 2 plugins.
Preloading 0 native plugins for Editor in 0.00 ms.
Unloading 1382 Unused Serialized files (Serialized files now loaded: 0)
System memory in use before: 68.2 MB.
System memory in use after: 68.3 MB.

Unloading 13 unused Assets to reduce memory usage. Loaded Objects now: 1897.
Total: 1.676800 ms (FindLiveObjects: 0.168000 ms CreateObjectMapping: 0.030600 ms MarkObjects: 1.465100 ms  DeleteObjects: 0.012500 ms)

========================================================================
Received Prepare
Registering precompiled user dll's ...
Registered in 0.003098 seconds.
Begin MonoManager ReloadAssembly
Native extension for WindowsStandalone target not found
Refreshing native plugins compatible for Editor in 0.36 ms, found 2 plugins.
Preloading 0 native plugins for Editor in 0.00 ms.
Mono: successfully reloaded assembly
- Completed reload, in  0.732 seconds
Platform modules already initialized, skipping
Refreshing native plugins compatible for Editor in 0.33 ms, found 2 plugins.
Preloading 0 native plugins for Editor in 0.00 ms.
Unloading 1382 Unused Serialized files (Serialized files now loaded: 0)
System memory in use before: 68.2 MB.
System memory in use after: 68.3 MB.

Unloading 13 unused Assets to reduce memory usage. Loaded Objects now: 1900.
Total: 1.667000 ms (FindLiveObjects: 0.169600 ms CreateObjectMapping: 0.030300 ms MarkObjects: 1.453700 ms  DeleteObjects: 0.012600 ms)

========================================================================
Received Import Request.
  Time since last request: 215.057091 seconds.
  path: Assets/Scripts/Player_Controller.cs
  artifactKey: Guid(e62dc69a762dac94097b273101228562) Importer(815301076,1909f56bfc062723c751e8b465ee728b)
Start importing Assets/Scripts/Player_Controller.cs using Guid(e62dc69a762dac94097b273101228562) Importer(815301076,1909f56bfc062723c751e8b465ee728b)  -> (artifact id: '9773c7641edf3b73036ac6f639ff00b6') in 0.006315 seconds
  Import took 0.008430 seconds .

========================================================================
Received Prepare
Registering precompiled user dll's ...
Registered in 0.003161 seconds.
Begin MonoManager ReloadAssembly
Native extension for WindowsStandalone target not found
Refreshing native plugins compatible for Editor in 0.35 ms, found 2 plugins.
Preloading 0 native plugins for Editor in 0.00 ms.
Mono: successfully reloaded assembly
- Completed reload, in  0.728 seconds
Platform modules already initialized, skipping
Refreshing native plugins compatible for Editor in 0.32 ms, found 2 plugins.
Preloading 0 native plugins for Editor in 0.00 ms.
Unloading 1382 Unused Serialized files (Serialized files now loaded: 0)
System memory in use before: 68.2 MB.
System memory in use after: 68.3 MB.

Unloading 13 unused Assets to reduce memory usage. Loaded Objects now: 1903.
Total: 1.765400 ms (FindLiveObjects: 0.249400 ms CreateObjectMapping: 0.040500 ms MarkObjects: 1.460800 ms  DeleteObjects: 0.013600 ms)

========================================================================
Received Prepare
Registering precompiled user dll's ...
Registered in 0.002942 seconds.
Begin MonoManager ReloadAssembly
Native extension for WindowsStandalone target not found
Refreshing native plugins compatible for Editor in 0.36 ms, found 2 plugins.
Preloading 0 native plugins for Editor in 0.00 ms.
Mono: successfully reloaded assembly
- Completed reload, in  0.726 seconds
Platform modules already initialized, skipping
Refreshing native plugins compatible for Editor in 0.25 ms, found 2 plugins.
Preloading 0 native plugins for Editor in 0.00 ms.
Unloading 1382 Unused Serialized files (Serialized files now loaded: 0)
System memory in use before: 68.2 MB.
System memory in use after: 68.3 MB.

Unloading 13 unused Assets to reduce memory usage. Loaded Objects now: 1906.
Total: 1.666900 ms (FindLiveObjects: 0.166200 ms CreateObjectMapping: 0.034200 ms MarkObjects: 1.451900 ms  DeleteObjects: 0.013700 ms)

AssetImportWorkerClient::OnTransportError - code=2 error=End of file
